<?xml version="1.0" encoding="UTF-8"?>
<testsuite name="pascal.taie.analysis.dataflow.analysis.constprop.CPTest" tests="1" skipped="0" failures="1" errors="0" timestamp="2024-10-13T12:45:30" hostname="Zhanpengs-MacBook-Air-4.local" time="2.389">
  <properties/>
  <testcase name="testInterprocedural" classname="pascal.taie.analysis.dataflow.analysis.constprop.CPTest" time="2.389">
    <failure message="java.lang.AssertionError: Mismatches of analysis &quot;constprop&quot;:&#10;&lt;Interprocedural: void invoke()&gt; [0@L10] temp$0 = invokevirtual %this.&lt;Interprocedural: int ten()&gt;(); expected: {temp$0=NAC}, given: {}&#10;&lt;Interprocedural: void invoke()&gt; [1@L10] x = temp$0; expected: {temp$0=NAC, x=NAC}, given: {}&#10;&lt;Interprocedural: void invoke()&gt; [2@L11] %intconst0 = 10; expected: {%intconst0=10, temp$0=NAC, x=NAC}, given: {%intconst0=10}&#10;&lt;Interprocedural: void invoke()&gt; [3@L11] temp$1 = invokevirtual %this.&lt;Interprocedural: int id(int)&gt;(%intconst0); expected: {%intconst0=10, temp$0=NAC, temp$1=NAC, x=NAC}, given: {%intconst0=10}&#10;&lt;Interprocedural: void invoke()&gt; [4@L11] y = temp$1; expected: {%intconst0=10, temp$0=NAC, temp$1=NAC, x=NAC, y=NAC}, given: {}&#10;&lt;Interprocedural: void invoke()&gt; [5@L11] return; expected: {%intconst0=10, temp$0=NAC, temp$1=NAC, x=NAC, y=NAC}, given: {}" type="java.lang.AssertionError">java.lang.AssertionError: Mismatches of analysis &quot;constprop&quot;:
&lt;Interprocedural: void invoke()&gt; [0@L10] temp$0 = invokevirtual %this.&lt;Interprocedural: int ten()&gt;(); expected: {temp$0=NAC}, given: {}
&lt;Interprocedural: void invoke()&gt; [1@L10] x = temp$0; expected: {temp$0=NAC, x=NAC}, given: {}
&lt;Interprocedural: void invoke()&gt; [2@L11] %intconst0 = 10; expected: {%intconst0=10, temp$0=NAC, x=NAC}, given: {%intconst0=10}
&lt;Interprocedural: void invoke()&gt; [3@L11] temp$1 = invokevirtual %this.&lt;Interprocedural: int id(int)&gt;(%intconst0); expected: {%intconst0=10, temp$0=NAC, temp$1=NAC, x=NAC}, given: {%intconst0=10}
&lt;Interprocedural: void invoke()&gt; [4@L11] y = temp$1; expected: {%intconst0=10, temp$0=NAC, temp$1=NAC, x=NAC, y=NAC}, given: {}
&lt;Interprocedural: void invoke()&gt; [5@L11] return; expected: {%intconst0=10, temp$0=NAC, temp$1=NAC, x=NAC, y=NAC}, given: {}
	at org.junit.Assert.fail(Assert.java:89)
	at org.junit.Assert.assertTrue(Assert.java:42)
	at pascal.taie.analysis.Tests.test(Tests.java:92)
	at pascal.taie.analysis.dataflow.analysis.constprop.CPTest.testCP(CPTest.java:31)
	at pascal.taie.analysis.dataflow.analysis.constprop.CPTest.testInterprocedural(CPTest.java:67)
	at java.base/jdk.internal.reflect.NativeMethodAccessorImpl.invoke0(Native Method)
	at java.base/jdk.internal.reflect.NativeMethodAccessorImpl.invoke(NativeMethodAccessorImpl.java:77)
	at java.base/jdk.internal.reflect.DelegatingMethodAccessorImpl.invoke(DelegatingMethodAccessorImpl.java:43)
	at java.base/java.lang.reflect.Method.invoke(Method.java:568)
	at org.junit.runners.model.FrameworkMethod$1.runReflectiveCall(FrameworkMethod.java:59)
	at org.junit.internal.runners.model.ReflectiveCallable.run(ReflectiveCallable.java:12)
	at org.junit.runners.model.FrameworkMethod.invokeExplosively(FrameworkMethod.java:56)
	at org.junit.internal.runners.statements.InvokeMethod.evaluate(InvokeMethod.java:17)
	at org.junit.runners.ParentRunner$3.evaluate(ParentRunner.java:306)
	at org.junit.runners.BlockJUnit4ClassRunner$1.evaluate(BlockJUnit4ClassRunner.java:100)
	at org.junit.runners.ParentRunner.runLeaf(ParentRunner.java:366)
	at org.junit.runners.BlockJUnit4ClassRunner.runChild(BlockJUnit4ClassRunner.java:103)
	at org.junit.runners.BlockJUnit4ClassRunner.runChild(BlockJUnit4ClassRunner.java:63)
	at org.junit.runners.ParentRunner$4.run(ParentRunner.java:331)
	at org.junit.runners.ParentRunner$1.schedule(ParentRunner.java:79)
	at org.junit.runners.ParentRunner.runChildren(ParentRunner.java:329)
	at org.junit.runners.ParentRunner.access$100(ParentRunner.java:66)
	at org.junit.runners.ParentRunner$2.evaluate(ParentRunner.java:293)
	at org.junit.runners.ParentRunner$3.evaluate(ParentRunner.java:306)
	at org.junit.runners.ParentRunner.run(ParentRunner.java:413)
	at org.gradle.api.internal.tasks.testing.junit.JUnitTestClassExecutor.runTestClass(JUnitTestClassExecutor.java:110)
	at org.gradle.api.internal.tasks.testing.junit.JUnitTestClassExecutor.execute(JUnitTestClassExecutor.java:58)
	at org.gradle.api.internal.tasks.testing.junit.JUnitTestClassExecutor.execute(JUnitTestClassExecutor.java:38)
	at org.gradle.api.internal.tasks.testing.junit.AbstractJUnitTestClassProcessor.processTestClass(AbstractJUnitTestClassProcessor.java:62)
	at org.gradle.api.internal.tasks.testing.SuiteTestClassProcessor.processTestClass(SuiteTestClassProcessor.java:51)
	at java.base/jdk.internal.reflect.NativeMethodAccessorImpl.invoke0(Native Method)
	at java.base/jdk.internal.reflect.NativeMethodAccessorImpl.invoke(NativeMethodAccessorImpl.java:77)
	at java.base/jdk.internal.reflect.DelegatingMethodAccessorImpl.invoke(DelegatingMethodAccessorImpl.java:43)
	at java.base/java.lang.reflect.Method.invoke(Method.java:568)
	at org.gradle.internal.dispatch.ReflectionDispatch.dispatch(ReflectionDispatch.java:36)
	at org.gradle.internal.dispatch.ReflectionDispatch.dispatch(ReflectionDispatch.java:24)
	at org.gradle.internal.dispatch.ContextClassLoaderDispatch.dispatch(ContextClassLoaderDispatch.java:33)
	at org.gradle.internal.dispatch.ProxyDispatchAdapter$DispatchingInvocationHandler.invoke(ProxyDispatchAdapter.java:94)
	at jdk.proxy1/jdk.proxy1.$Proxy2.processTestClass(Unknown Source)
	at org.gradle.api.internal.tasks.testing.worker.TestWorker$2.run(TestWorker.java:176)
	at org.gradle.api.internal.tasks.testing.worker.TestWorker.executeAndMaintainThreadName(TestWorker.java:129)
	at org.gradle.api.internal.tasks.testing.worker.TestWorker.execute(TestWorker.java:100)
	at org.gradle.api.internal.tasks.testing.worker.TestWorker.execute(TestWorker.java:60)
	at org.gradle.process.internal.worker.child.ActionExecutionWorker.execute(ActionExecutionWorker.java:56)
	at org.gradle.process.internal.worker.child.SystemApplicationClassLoaderWorker.call(SystemApplicationClassLoaderWorker.java:133)
	at org.gradle.process.internal.worker.child.SystemApplicationClassLoaderWorker.call(SystemApplicationClassLoaderWorker.java:71)
	at worker.org.gradle.process.internal.worker.GradleWorkerMain.run(GradleWorkerMain.java:69)
	at worker.org.gradle.process.internal.worker.GradleWorkerMain.main(GradleWorkerMain.java:74)
</failure>
  </testcase>
  <system-out><![CDATA[Tai-e starts ...
Writing options to output/options.yml
Writing analysis plan to output/tai-e-plan.yml
WorldBuilder starts ...
Warning: main class 'Interprocedural' does not have main(String[]) method!
9984 classes with 98545 methods in the world
WorldBuilder finishes, elapsed time: 2.11s
throw starts ...
1 classes in scope (app) of class analyses
5 methods in scope (app) of method analyses
throw finishes, elapsed time: 0.01s
cfg starts ...
cfg finishes, elapsed time: 0.00s
constprop starts ...
constprop finishes, elapsed time: 0.00s
process-result starts ...
process-result finishes, elapsed time: 0.01s
Tai-e finishes, elapsed time: 2.22s
]]></system-out>
  <system-err><![CDATA[]]></system-err>
</testsuite>
